#
# There is insufficient memory for the Java Runtime Environment to continue.
# Native memory allocation (malloc) failed to allocate 32784 bytes for Chunk::new
# Possible reasons:
#   The system is out of physical RAM or swap space
#   The process is running with CompressedOops enabled, and the Java Heap may be blocking the growth of the native heap
# Possible solutions:
#   Reduce memory load on the system
#   Increase physical memory or swap space
#   Check if swap backing store is full
#   Decrease Java heap size (-Xmx/-Xms)
#   Decrease number of Java threads
#   Decrease Java thread stack sizes (-Xss)
#   Set larger code cache with -XX:ReservedCodeCacheSize=
#   JVM is running with Unscaled Compressed Oops mode in which the Java heap is
#     placed in the first 4GB address space. The Java Heap base address is the
#     maximum limit for the native heap growth. Please use -XX:HeapBaseMinAddress
#     to set the Java Heap base and to place the Java Heap above 4GB virtual address.
# This output file may be truncated or incomplete.
#
#  Out of Memory Error (allocation.cpp:389), pid=27220, tid=0x00000000000065ec
#
# JRE version: Java(TM) SE Runtime Environment (8.0_281-b09) (build 1.8.0_281-b09)
# Java VM: Java HotSpot(TM) 64-Bit Server VM (25.281-b09 mixed mode windows-amd64 compressed oops)
# Failed to write core dump. Minidumps are not enabled by default on client versions of Windows
#

---------------  T H R E A D  ---------------

Current thread (0x000002d1ffca5800):  JavaThread "C2 CompilerThread0" daemon [_thread_in_native, id=26092, stack(0x000000de22800000,0x000000de22900000)]

Stack: [0x000000de22800000,0x000000de22900000]
Native frames: (J=compiled Java code, j=interpreted, Vv=VM code, C=native code)
V  [jvm.dll+0x32e5b9]
V  [jvm.dll+0x275012]
V  [jvm.dll+0x275cbd]
V  [jvm.dll+0x26c6f5]
V  [jvm.dll+0xd51fc]
V  [jvm.dll+0xd59fc]
V  [jvm.dll+0xd554d]
V  [jvm.dll+0x4c5d1f]
V  [jvm.dll+0x49104c]
V  [jvm.dll+0x48e8f4]
V  [jvm.dll+0x48e758]
V  [jvm.dll+0x48dbe6]
V  [jvm.dll+0x441ba8]
V  [jvm.dll+0x43f664]
V  [jvm.dll+0x42a5e7]
V  [jvm.dll+0xabe9b]
V  [jvm.dll+0xaa4fb]
V  [jvm.dll+0x23d6b2]
V  [jvm.dll+0x291cbc]
C  [ucrtbase.dll+0x210b2]
C  [KERNEL32.DLL+0x17c24]
C  [ntdll.dll+0x6d721]


Current CompileTask:
C2:  23406 3558       4       org.springframework.beans.factory.support.AbstractBeanFactory::isTypeMatch (607 bytes)


---------------  P R O C E S S  ---------------

Java Threads: ( => current thread )
  0x000002d192532800 JavaThread "cluster-rtt-ClusterId{value='60913fbd16bcf04e1c823cc9', description='null'}-localhost:27017" daemon [_thread_blocked, id=26756, stack(0x000000de23200000,0x000000de23300000)]
  0x000002d1914a7800 JavaThread "cluster-ClusterId{value='60913fbd16bcf04e1c823cc9', description='null'}-localhost:27017" daemon [_thread_blocked, id=28388, stack(0x000000de23100000,0x000000de23200000)]
  0x000002d191498000 JavaThread "container-0" [_thread_blocked, id=11496, stack(0x000000de23000000,0x000000de23100000)]
  0x000002d1914c6800 JavaThread "Catalina-utility-2" [_thread_in_vm, id=1940, stack(0x000000de22f00000,0x000000de23000000)]
  0x000002d191410800 JavaThread "Catalina-utility-1" [_thread_blocked, id=9368, stack(0x000000de22e00000,0x000000de22f00000)]
  0x000002d18fd62800 JavaThread "restartedMain" [_thread_blocked, id=21844, stack(0x000000de22d00000,0x000000de22e00000)]
  0x000002d18fd48000 JavaThread "Thread-0" [_thread_blocked, id=7392, stack(0x000000de22c00000,0x000000de22d00000)]
  0x000002d1ffd09800 JavaThread "Service Thread" daemon [_thread_blocked, id=26760, stack(0x000000de22a00000,0x000000de22b00000)]
  0x000002d1ffd06000 JavaThread "C1 CompilerThread1" daemon [_thread_blocked, id=25052, stack(0x000000de22900000,0x000000de22a00000)]
=>0x000002d1ffca5800 JavaThread "C2 CompilerThread0" daemon [_thread_in_native, id=26092, stack(0x000000de22800000,0x000000de22900000)]
  0x000002d1ffca2000 JavaThread "Attach Listener" daemon [_thread_blocked, id=28508, stack(0x000000de22700000,0x000000de22800000)]
  0x000002d1ffca1800 JavaThread "Signal Dispatcher" daemon [_thread_blocked, id=5520, stack(0x000000de22600000,0x000000de22700000)]
  0x000002d1ff7a9800 JavaThread "Finalizer" daemon [_thread_blocked, id=27536, stack(0x000000de22500000,0x000000de22600000)]
  0x000002d1ff7a7800 JavaThread "Reference Handler" daemon [_thread_blocked, id=28288, stack(0x000000de22400000,0x000000de22500000)]
  0x000002d1f86c2800 JavaThread "main" [_thread_blocked, id=27588, stack(0x000000de22000000,0x000000de22100000)]

Other Threads:
  0x000002d1ffc62000 VMThread [stack: 0x000000de22300000,0x000000de22400000] [id=28252]
  0x000002d1ffd48800 WatcherThread [stack: 0x000000de22b00000,0x000000de22c00000] [id=23388]

VM state:not at safepoint (normal execution)

VM Mutex/Monitor currently owned by a thread: None

heap address: 0x0000000080000000, size: 2048 MB, Compressed Oops mode: 32-bit
Narrow klass base: 0x0000000000000000, Narrow klass shift: 3
Compressed class space size: 1073741824 Address: 0x0000000100000000

Heap:
 PSYoungGen      total 120832K, used 4916K [0x00000000d5580000, 0x00000000de880000, 0x0000000100000000)
  eden space 111104K, 4% used [0x00000000d5580000,0x00000000d5a4d248,0x00000000dc200000)
  from space 9728K, 0% used [0x00000000dd580000,0x00000000dd580000,0x00000000ddf00000)
  to   space 7168K, 0% used [0x00000000de180000,0x00000000de180000,0x00000000de880000)
 ParOldGen       total 86528K, used 19391K [0x0000000080000000, 0x0000000085480000, 0x00000000d5580000)
  object space 86528K, 22% used [0x0000000080000000,0x00000000812efc38,0x0000000085480000)
 Metaspace       used 33096K, capacity 35408K, committed 35712K, reserved 1079296K
  class space    used 4430K, capacity 4880K, committed 4992K, reserved 1048576K

Card table byte_map: [0x000002d1fa3f0000,0x000002d1fa800000] byte_map_base: 0x000002d1f9ff0000

Marking Bits: (ParMarkBitMap*) 0x000000005be36ff0
 Begin Bits: [0x000002d1faab0000, 0x000002d1fcab0000)
 End Bits:   [0x000002d1fcab0000, 0x000002d1feab0000)

Polling page: 0x000002d1f8660000

CodeCache: size=245760Kb used=12278Kb max_used=12440Kb free=233481Kb
 bounds [0x000002d180000000, 0x000002d180c40000, 0x000002d18f000000]
 total_blobs=3773 nmethods=3373 adapters=312
 compilation: enabled

Compilation events (10 events):
Event: 22.834 Thread 0x000002d1ffca5800 nmethod 3480 0x000002d180129cd0 code [0x000002d180129f80, 0x000002d18012b688]
Event: 22.834 Thread 0x000002d1ffca5800 3483   !   4       java.util.zip.ZipFile::getEntry (101 bytes)
Event: 22.847 Thread 0x000002d1ffd06000 3602       1       sun.util.locale.BaseLocale::getRegion (5 bytes)
Event: 22.847 Thread 0x000002d1ffd06000 nmethod 3602 0x000002d1803ed810 code [0x000002d1803ed960, 0x000002d1803eda78]
Event: 22.853 Thread 0x000002d1ffd06000 3603       3       java.io.DataInputStream::readChar (40 bytes)
Event: 22.853 Thread 0x000002d1ffd06000 nmethod 3603 0x000002d1801e7fd0 code [0x000002d1801e8160, 0x000002d1801e8550]
Event: 22.856 Thread 0x000002d1ffd06000 3605  s    3       java.io.ByteArrayInputStream::read (36 bytes)
Event: 22.857 Thread 0x000002d1ffd06000 nmethod 3605 0x000002d18022c2d0 code [0x000002d18022c440, 0x000002d18022c798]
Event: 23.237 Thread 0x000002d1ffca5800 nmethod 3483 0x000002d180c24ad0 code [0x000002d180c24d80, 0x000002d180c26248]
Event: 23.238 Thread 0x000002d1ffca5800 3558       4       org.springframework.beans.factory.support.AbstractBeanFactory::isTypeMatch (607 bytes)

GC Heap History (10 events):
Event: 8.032 GC heap before
{Heap before GC invocations=5 (full 0):
 PSYoungGen      total 71680K, used 23448K [0x00000000d5580000, 0x00000000da080000, 0x0000000100000000)
  eden space 66560K, 27% used [0x00000000d5580000,0x00000000d676dff8,0x00000000d9680000)
  from space 5120K, 99% used [0x00000000d9b80000,0x00000000da078020,0x00000000da080000)
  to   space 5120K, 0% used [0x00000000d9680000,0x00000000d9680000,0x00000000d9b80000)
 ParOldGen       total 87552K, used 8624K [0x0000000080000000, 0x0000000085580000, 0x00000000d5580000)
  object space 87552K, 9% used [0x0000000080000000,0x000000008086c258,0x0000000085580000)
 Metaspace       used 20285K, capacity 21236K, committed 21296K, reserved 1069056K
  class space    used 2559K, capacity 2792K, committed 2816K, reserved 1048576K
Event: 8.049 GC heap after
Heap after GC invocations=5 (full 0):
 PSYoungGen      total 71680K, used 5109K [0x00000000d5580000, 0x00000000deb80000, 0x0000000100000000)
  eden space 66560K, 0% used [0x00000000d5580000,0x00000000d5580000,0x00000000d9680000)
  from space 5120K, 99% used [0x00000000d9680000,0x00000000d9b7d6d8,0x00000000d9b80000)
  to   space 10240K, 0% used [0x00000000de180000,0x00000000de180000,0x00000000deb80000)
 ParOldGen       total 87552K, used 10408K [0x0000000080000000, 0x0000000085580000, 0x00000000d5580000)
  object space 87552K, 11% used [0x0000000080000000,0x0000000080a2a198,0x0000000085580000)
 Metaspace       used 20285K, capacity 21236K, committed 21296K, reserved 1069056K
  class space    used 2559K, capacity 2792K, committed 2816K, reserved 1048576K
}
Event: 8.049 GC heap before
{Heap before GC invocations=6 (full 1):
 PSYoungGen      total 71680K, used 5109K [0x00000000d5580000, 0x00000000deb80000, 0x0000000100000000)
  eden space 66560K, 0% used [0x00000000d5580000,0x00000000d5580000,0x00000000d9680000)
  from space 5120K, 99% used [0x00000000d9680000,0x00000000d9b7d6d8,0x00000000d9b80000)
  to   space 10240K, 0% used [0x00000000de180000,0x00000000de180000,0x00000000deb80000)
 ParOldGen       total 87552K, used 10408K [0x0000000080000000, 0x0000000085580000, 0x00000000d5580000)
  object space 87552K, 11% used [0x0000000080000000,0x0000000080a2a198,0x0000000085580000)
 Metaspace       used 20285K, capacity 21236K, committed 21296K, reserved 1069056K
  class space    used 2559K, capacity 2792K, committed 2816K, reserved 1048576K
Event: 8.117 GC heap after
Heap after GC invocations=6 (full 1):
 PSYoungGen      total 71680K, used 0K [0x00000000d5580000, 0x00000000deb80000, 0x0000000100000000)
  eden space 66560K, 0% used [0x00000000d5580000,0x00000000d5580000,0x00000000d9680000)
  from space 5120K, 0% used [0x00000000d9680000,0x00000000d9680000,0x00000000d9b80000)
  to   space 10240K, 0% used [0x00000000de180000,0x00000000de180000,0x00000000deb80000)
 ParOldGen       total 55808K, used 7626K [0x0000000080000000, 0x0000000083680000, 0x00000000d5580000)
  object space 55808K, 13% used [0x0000000080000000,0x0000000080772ab8,0x0000000083680000)
 Metaspace       used 20285K, capacity 21236K, committed 21296K, reserved 1069056K
  class space    used 2559K, capacity 2792K, committed 2816K, reserved 1048576K
}
Event: 11.425 GC heap before
{Heap before GC invocations=7 (full 1):
 PSYoungGen      total 71680K, used 66560K [0x00000000d5580000, 0x00000000deb80000, 0x0000000100000000)
  eden space 66560K, 100% used [0x00000000d5580000,0x00000000d9680000,0x00000000d9680000)
  from space 5120K, 0% used [0x00000000d9680000,0x00000000d9680000,0x00000000d9b80000)
  to   space 10240K, 0% used [0x00000000de180000,0x00000000de180000,0x00000000deb80000)
 ParOldGen       total 55808K, used 7626K [0x0000000080000000, 0x0000000083680000, 0x00000000d5580000)
  object space 55808K, 13% used [0x0000000080000000,0x0000000080772ab8,0x0000000083680000)
 Metaspace       used 23539K, capacity 24806K, committed 25088K, reserved 1071104K
  class space    used 3029K, capacity 3271K, committed 3328K, reserved 1048576K
Event: 11.448 GC heap after
Heap after GC invocations=7 (full 1):
 PSYoungGen      total 118272K, used 7161K [0x00000000d5580000, 0x00000000de880000, 0x0000000100000000)
  eden space 111104K, 0% used [0x00000000d5580000,0x00000000d5580000,0x00000000dc200000)
  from space 7168K, 99% used [0x00000000de180000,0x00000000de87e508,0x00000000de880000)
  to   space 9728K, 0% used [0x00000000dd580000,0x00000000dd580000,0x00000000ddf00000)
 ParOldGen       total 55808K, used 7634K [0x0000000080000000, 0x0000000083680000, 0x00000000d5580000)
  object space 55808K, 13% used [0x0000000080000000,0x0000000080774ab8,0x0000000083680000)
 Metaspace       used 23539K, capacity 24806K, committed 25088K, reserved 1071104K
  class space    used 3029K, capacity 3271K, committed 3328K, reserved 1048576K
}
Event: 22.971 GC heap before
{Heap before GC invocations=8 (full 1):
 PSYoungGen      total 118272K, used 104592K [0x00000000d5580000, 0x00000000de880000, 0x0000000100000000)
  eden space 111104K, 87% used [0x00000000d5580000,0x00000000db4a5cf8,0x00000000dc200000)
  from space 7168K, 99% used [0x00000000de180000,0x00000000de87e508,0x00000000de880000)
  to   space 9728K, 0% used [0x00000000dd580000,0x00000000dd580000,0x00000000ddf00000)
 ParOldGen       total 55808K, used 7634K [0x0000000080000000, 0x0000000083680000, 0x00000000d5580000)
  object space 55808K, 13% used [0x0000000080000000,0x0000000080774ab8,0x0000000083680000)
 Metaspace       used 33088K, capacity 35344K, committed 35456K, reserved 1079296K
  class space    used 4429K, capacity 4880K, committed 4992K, reserved 1048576K
Event: 23.006 GC heap after
Heap after GC invocations=8 (full 1):
 PSYoungGen      total 120832K, used 9713K [0x00000000d5580000, 0x00000000de880000, 0x0000000100000000)
  eden space 111104K, 0% used [0x00000000d5580000,0x00000000d5580000,0x00000000dc200000)
  from space 9728K, 99% used [0x00000000dd580000,0x00000000ddefc6f8,0x00000000ddf00000)
  to   space 7168K, 0% used [0x00000000de180000,0x00000000de180000,0x00000000de880000)
 ParOldGen       total 55808K, used 12287K [0x0000000080000000, 0x0000000083680000, 0x00000000d5580000)
  object space 55808K, 22% used [0x0000000080000000,0x0000000080bfff60,0x0000000083680000)
 Metaspace       used 33088K, capacity 35344K, committed 35456K, reserved 1079296K
  class space    used 4429K, capacity 4880K, committed 4992K, reserved 1048576K
}
Event: 23.006 GC heap before
{Heap before GC invocations=9 (full 2):
 PSYoungGen      total 120832K, used 9713K [0x00000000d5580000, 0x00000000de880000, 0x0000000100000000)
  eden space 111104K, 0% used [0x00000000d5580000,0x00000000d5580000,0x00000000dc200000)
  from space 9728K, 99% used [0x00000000dd580000,0x00000000ddefc6f8,0x00000000ddf00000)
  to   space 7168K, 0% used [0x00000000de180000,0x00000000de180000,0x00000000de880000)
 ParOldGen       total 55808K, used 12287K [0x0000000080000000, 0x0000000083680000, 0x00000000d5580000)
  object space 55808K, 22% used [0x0000000080000000,0x0000000080bfff60,0x0000000083680000)
 Metaspace       used 33088K, capacity 35344K, committed 35456K, reserved 1079296K
  class space    used 4429K, capacity 4880K, committed 4992K, reserved 1048576K
Event: 23.163 GC heap after
Heap after GC invocations=9 (full 2):
 PSYoungGen      total 120832K, used 0K [0x00000000d5580000, 0x00000000de880000, 0x0000000100000000)
  eden space 111104K, 0% used [0x00000000d5580000,0x00000000d5580000,0x00000000dc200000)
  from space 9728K, 0% used [0x00000000dd580000,0x00000000dd580000,0x00000000ddf00000)
  to   space 7168K, 0% used [0x00000000de180000,0x00000000de180000,0x00000000de880000)
 ParOldGen       total 86528K, used 19391K [0x0000000080000000, 0x0000000085480000, 0x00000000d5580000)
  object space 86528K, 22% used [0x0000000080000000,0x00000000812efc38,0x0000000085480000)
 Metaspace       used 33088K, capacity 35344K, committed 35456K, reserved 1079296K
  class space    used 4429K, capacity 4880K, committed 4992K, reserved 1048576K
}

Deoptimization events (10 events):
Event: 21.628 Thread 0x000002d18fd62800 Uncommon trap: reason=bimorphic action=maybe_recompile pc=0x000002d180995d74 method=java.util.Collections$SetFromMap.contains(Ljava/lang/Object;)Z @ 5
Event: 21.705 Thread 0x000002d18fd62800 Uncommon trap: reason=class_check action=maybe_recompile pc=0x000002d180a16e40 method=org.springframework.core.ResolvableType.calculateHashCode()I @ 23
Event: 21.716 Thread 0x000002d18fd62800 Uncommon trap: reason=class_check action=maybe_recompile pc=0x000002d180a16e40 method=org.springframework.core.ResolvableType.calculateHashCode()I @ 23
Event: 21.796 Thread 0x000002d18fd62800 Uncommon trap: reason=unstable_if action=reinterpret pc=0x000002d1808b2b54 method=org.springframework.beans.factory.support.AbstractAutowireCapableBeanFactory.determineTargetType(Ljava/lang/String;Lorg/springframework/beans/factory/support/RootBeanDefinit
Event: 22.245 Thread 0x000002d18fd62800 Uncommon trap: reason=unstable_if action=reinterpret pc=0x000002d18036bb88 method=java.lang.AbstractStringBuilder.append(Ljava/lang/String;)Ljava/lang/AbstractStringBuilder; @ 1
Event: 22.246 Thread 0x000002d18fd62800 Uncommon trap: reason=unstable_if action=reinterpret pc=0x000002d180277b20 method=java.lang.AbstractStringBuilder.append(Ljava/lang/String;)Ljava/lang/AbstractStringBuilder; @ 1
Event: 22.781 Thread 0x000002d18fd62800 Uncommon trap: reason=bimorphic action=maybe_recompile pc=0x000002d180965a14 method=java.util.regex.Pattern$CharProperty.match(Ljava/util/regex/Matcher;ILjava/lang/CharSequence;)Z @ 18
Event: 22.781 Thread 0x000002d18fd62800 Uncommon trap: reason=bimorphic action=maybe_recompile pc=0x000002d180965a14 method=java.util.regex.Pattern$CharProperty.match(Ljava/util/regex/Matcher;ILjava/lang/CharSequence;)Z @ 18
Event: 22.781 Thread 0x000002d18fd62800 Uncommon trap: reason=bimorphic action=maybe_recompile pc=0x000002d180965a14 method=java.util.regex.Pattern$CharProperty.match(Ljava/util/regex/Matcher;ILjava/lang/CharSequence;)Z @ 18
Event: 22.781 Thread 0x000002d18fd62800 Uncommon trap: reason=bimorphic action=maybe_recompile pc=0x000002d180965a14 method=java.util.regex.Pattern$CharProperty.match(Ljava/util/regex/Matcher;ILjava/lang/CharSequence;)Z @ 18

Classes redefined (0 events):
No events

Internal exceptions (10 events):
Event: 21.792 Thread 0x000002d18fd62800 Exception <a 'java/lang/ClassNotFoundException': org/springframework/beans/factory/AwareCustomizer> (0x00000000da523e10) thrown at [C:\jenkins\workspace\8-2-build-windows-amd64-cygwin\jdk8u281\880\hotspot\src\share\vm\classfile\systemDictionary.cpp, line 
Event: 21.793 Thread 0x000002d18fd62800 Exception <a 'java/lang/ClassNotFoundException': org/springframework/context/ApplicationEventPublisherAwareCustomizer> (0x00000000da53aea0) thrown at [C:\jenkins\workspace\8-2-build-windows-amd64-cygwin\jdk8u281\880\hotspot\src\share\vm\classfile\systemDi
Event: 21.794 Thread 0x000002d18fd62800 Exception <a 'java/lang/ClassNotFoundException': org/springframework/beans/factory/AwareCustomizer> (0x00000000da54f128) thrown at [C:\jenkins\workspace\8-2-build-windows-amd64-cygwin\jdk8u281\880\hotspot\src\share\vm\classfile\systemDictionary.cpp, line 
Event: 21.798 Thread 0x000002d18fd62800 Exception <a 'java/lang/ClassNotFoundException': java/lang/ObjectCustomizer> (0x00000000da56bf40) thrown at [C:\jenkins\workspace\8-2-build-windows-amd64-cygwin\jdk8u281\880\hotspot\src\share\vm\classfile\systemDictionary.cpp, line 212]
Event: 21.799 Thread 0x000002d18fd62800 Exception <a 'java/lang/ClassNotFoundException': org/springframework/core/io/support/PropertiesLoaderSupportCustomizer> (0x00000000da586d90) thrown at [C:\jenkins\workspace\8-2-build-windows-amd64-cygwin\jdk8u281\880\hotspot\src\share\vm\classfile\systemD
Event: 21.800 Thread 0x000002d18fd62800 Exception <a 'java/lang/ClassNotFoundException': org/springframework/beans/factory/config/PropertiesFactoryBeanCustomizer> (0x00000000da5a8430) thrown at [C:\jenkins\workspace\8-2-build-windows-amd64-cygwin\jdk8u281\880\hotspot\src\share\vm\classfile\syst
Event: 21.805 Thread 0x000002d18fd62800 Exception <a 'java/lang/ClassNotFoundException': org/springframework/beans/factory/FactoryBeanCustomizer> (0x00000000da5d24a0) thrown at [C:\jenkins\workspace\8-2-build-windows-amd64-cygwin\jdk8u281\880\hotspot\src\share\vm\classfile\systemDictionary.cpp,
Event: 21.806 Thread 0x000002d18fd62800 Exception <a 'java/lang/ClassNotFoundException': org/springframework/beans/factory/InitializingBeanCustomizer> (0x00000000da5ead00) thrown at [C:\jenkins\workspace\8-2-build-windows-amd64-cygwin\jdk8u281\880\hotspot\src\share\vm\classfile\systemDictionary
Event: 22.245 Thread 0x000002d18fd62800 Implicit null exception at 0x000002d18036b7d6 to 0x000002d18036bb71
Event: 22.246 Thread 0x000002d18fd62800 Implicit null exception at 0x000002d180277754 to 0x000002d180277b09

Events (10 events):
Event: 22.863 loading class java/text/MergeCollation
Event: 22.864 loading class java/text/MergeCollation done
Event: 22.864 Executing VM operation: CollectForMetadataAllocation
Event: 23.164 Executing VM operation: CollectForMetadataAllocation done
Event: 23.164 loading class com/sun/management/GcInfo
Event: 23.164 loading class javax/management/openmbean/CompositeData
Event: 23.164 loading class javax/management/openmbean/CompositeData done
Event: 23.164 loading class com/sun/management/GcInfo done
Event: 23.229 Executing VM operation: RevokeBias
Event: 23.236 Executing VM operation: RevokeBias done


Dynamic libraries:
0x00007ff65ffc0000 - 0x00007ff660007000 	C:\Program Files\Java\jre1.8.0_281\bin\javaw.exe
0x00007fffa82e0000 - 0x00007fffa84d0000 	C:\Windows\SYSTEM32\ntdll.dll
0x00007fffa8140000 - 0x00007fffa81f2000 	C:\Windows\System32\KERNEL32.DLL
0x00007fffa5340000 - 0x00007fffa55e5000 	C:\Windows\System32\KERNELBASE.dll
0x00007fffa6390000 - 0x00007fffa6433000 	C:\Windows\System32\ADVAPI32.dll
0x00007fffa68e0000 - 0x00007fffa697e000 	C:\Windows\System32\msvcrt.dll
0x00007fffa78c0000 - 0x00007fffa7957000 	C:\Windows\System32\sechost.dll
0x00007fffa7590000 - 0x00007fffa76af000 	C:\Windows\System32\RPCRT4.dll
0x00007fffa7290000 - 0x00007fffa7424000 	C:\Windows\System32\USER32.dll
0x00007fffa6260000 - 0x00007fffa6281000 	C:\Windows\System32\win32u.dll
0x00007fffa8110000 - 0x00007fffa8136000 	C:\Windows\System32\GDI32.dll
0x00007fffa56b0000 - 0x00007fffa5848000 	C:\Windows\System32\gdi32full.dll
0x00007fffa55f0000 - 0x00007fffa568e000 	C:\Windows\System32\msvcp_win.dll
0x00007fffa59b0000 - 0x00007fffa5aaa000 	C:\Windows\System32\ucrtbase.dll
0x00007fff90e40000 - 0x00007fff910c4000 	C:\Windows\WinSxS\amd64_microsoft.windows.common-controls_6595b64144ccf1df_6.0.18362.1500_none_9e79be6de462295c\COMCTL32.dll
0x00007fffa6980000 - 0x00007fffa6cb6000 	C:\Windows\System32\combase.dll
0x00007fffa52b0000 - 0x00007fffa5331000 	C:\Windows\System32\bcryptPrimitives.dll
0x00007fffa8200000 - 0x00007fffa822e000 	C:\Windows\System32\IMM32.DLL
0x00007fff9fec0000 - 0x00007fff9fed5000 	C:\Program Files\Java\jre1.8.0_281\bin\vcruntime140.dll
0x00007fff80780000 - 0x00007fff8081b000 	C:\Program Files\Java\jre1.8.0_281\bin\msvcp140.dll
0x000000005b650000 - 0x000000005beaf000 	C:\Program Files\Java\jre1.8.0_281\bin\server\jvm.dll
0x00007fffa8100000 - 0x00007fffa8108000 	C:\Windows\System32\PSAPI.DLL
0x00007fff99f50000 - 0x00007fff99f59000 	C:\Windows\SYSTEM32\WSOCK32.dll
0x00007fffa8230000 - 0x00007fffa829f000 	C:\Windows\System32\WS2_32.dll
0x00007fff9d410000 - 0x00007fff9d434000 	C:\Windows\SYSTEM32\WINMM.dll
0x00007fff9eb20000 - 0x00007fff9eb2a000 	C:\Windows\SYSTEM32\VERSION.dll
0x00007fff9d310000 - 0x00007fff9d33d000 	C:\Windows\SYSTEM32\WINMMBASE.dll
0x00007fffa6290000 - 0x00007fffa62da000 	C:\Windows\System32\cfgmgr32.dll
0x00007fffa5230000 - 0x00007fffa5241000 	C:\Windows\System32\kernel.appcore.dll
0x00007fffa10f0000 - 0x00007fffa1100000 	C:\Program Files\Java\jre1.8.0_281\bin\verify.dll
0x00007fff9ff30000 - 0x00007fff9ff5b000 	C:\Program Files\Java\jre1.8.0_281\bin\java.dll
0x00007fff9fbe0000 - 0x00007fff9fbf8000 	C:\Program Files\Java\jre1.8.0_281\bin\zip.dll
0x00007fffa7960000 - 0x00007fffa8048000 	C:\Windows\System32\SHELL32.dll
0x00007fffa7810000 - 0x00007fffa78b7000 	C:\Windows\System32\shcore.dll
0x00007fffa5ab0000 - 0x00007fffa622b000 	C:\Windows\System32\windows.storage.dll
0x00007fffa51a0000 - 0x00007fffa51be000 	C:\Windows\System32\profapi.dll
0x00007fffa51c0000 - 0x00007fffa520a000 	C:\Windows\System32\powrprof.dll
0x00007fffa5190000 - 0x00007fffa51a0000 	C:\Windows\System32\UMPDC.dll
0x00007fffa67a0000 - 0x00007fffa67f2000 	C:\Windows\System32\shlwapi.dll
0x00007fffa5690000 - 0x00007fffa56a7000 	C:\Windows\System32\cryptsp.dll
0x00007fffa11b0000 - 0x00007fffa11bd000 	C:\Program Files\Java\jre1.8.0_281\bin\management.dll
0x00007fff9f920000 - 0x00007fff9f93c000 	C:\Program Files\Java\jre1.8.0_281\bin\net.dll
0x00007fffa4980000 - 0x00007fffa49e7000 	C:\Windows\system32\mswsock.dll
0x00007fff99f30000 - 0x00007fff99f46000 	C:\Windows\system32\napinsp.dll
0x00007fff99f10000 - 0x00007fff99f2a000 	C:\Windows\system32\pnrpnsp.dll
0x00007fffa46e0000 - 0x00007fffa47ab000 	C:\Windows\SYSTEM32\DNSAPI.dll
0x00007fffa65f0000 - 0x00007fffa65f8000 	C:\Windows\System32\NSI.dll
0x00007fffa46a0000 - 0x00007fffa46da000 	C:\Windows\SYSTEM32\IPHLPAPI.DLL
0x00007fff99f00000 - 0x00007fff99f0e000 	C:\Windows\System32\winrnr.dll
0x00007fffa10a0000 - 0x00007fffa10bc000 	C:\Windows\system32\NLAapi.dll
0x00007fff99ec0000 - 0x00007fff99ed5000 	C:\Windows\system32\wshbth.dll
0x00007fff9eec0000 - 0x00007fff9eeca000 	C:\Windows\System32\rasadhlp.dll
0x00007fffa01b0000 - 0x00007fffa0227000 	C:\Windows\System32\fwpuclnt.dll
0x00007fffa6230000 - 0x00007fffa6256000 	C:\Windows\System32\bcrypt.dll
0x00007fff9f900000 - 0x00007fff9f913000 	C:\Program Files\Java\jre1.8.0_281\bin\nio.dll
0x00007fffa4510000 - 0x00007fffa4543000 	C:\Windows\system32\rsaenh.dll
0x00007fffa50b0000 - 0x00007fffa50d5000 	C:\Windows\SYSTEM32\USERENV.dll
0x00007fffa4b00000 - 0x00007fffa4b0c000 	C:\Windows\SYSTEM32\CRYPTBASE.dll
0x00007fffa0830000 - 0x00007fffa0846000 	C:\Windows\SYSTEM32\dhcpcsvc6.DLL
0x00007fffa0810000 - 0x00007fffa082c000 	C:\Windows\SYSTEM32\dhcpcsvc.DLL
0x00007fffa0a90000 - 0x00007fffa0c84000 	C:\Windows\SYSTEM32\dbghelp.dll

VM Arguments:
jvm_args: -Dfile.encoding=UTF-8 
java_command: com.tweetapp.TweetAppApiApplication
java_class_path (initial): C:\Users\User\Downloads\spring-boot-tweet-app-main\TweetApp-API\TweetApp-API\target\classes;C:\Users\User\.m2\repository\org\springframework\boot\spring-boot-starter-actuator\2.4.5\spring-boot-starter-actuator-2.4.5.jar;C:\Users\User\.m2\repository\org\springframework\boot\spring-boot-starter\2.4.5\spring-boot-starter-2.4.5.jar;C:\Users\User\.m2\repository\org\springframework\boot\spring-boot-starter-logging\2.4.5\spring-boot-starter-logging-2.4.5.jar;C:\Users\User\.m2\repository\ch\qos\logback\logback-classic\1.2.3\logback-classic-1.2.3.jar;C:\Users\User\.m2\repository\ch\qos\logback\logback-core\1.2.3\logback-core-1.2.3.jar;C:\Users\User\.m2\repository\org\apache\logging\log4j\log4j-to-slf4j\2.13.3\log4j-to-slf4j-2.13.3.jar;C:\Users\User\.m2\repository\org\apache\logging\log4j\log4j-api\2.13.3\log4j-api-2.13.3.jar;C:\Users\User\.m2\repository\org\slf4j\jul-to-slf4j\1.7.30\jul-to-slf4j-1.7.30.jar;C:\Users\User\.m2\repository\jakarta\annotation\jakarta.annotation-api\1.3.5\jakarta.annotation-api-1.3.5.jar;C:\Users\User\.m2\repository\org\yaml\snakeyaml\1.27\snakeyaml-1.27.jar;C:\Users\User\.m2\repository\org\springframework\boot\spring-boot-actuator-autoconfigure\2.4.5\spring-boot-actuator-autoconfigure-2.4.5.jar;C:\Users\User\.m2\repository\org\springframework\boot\spring-boot-actuator\2.4.5\spring-boot-actuator-2.4.5.jar;C:\Users\User\.m2\repository\com\fasterxml\jackson\core\jackson-databind\2.11.4\jackson-databind-2.11.4.jar;C:\Users\User\.m2\repository\com\fasterxml\jackson\core\jackson-core\2.11.4\jackson-core-2.11.4.jar;C:\Users\User\.m2\repository\com\fasterxml\jackson\datatype\jackson-datatype-jsr310\2.11.4\jackson-datatype-jsr310-2.11.4.jar;C:\Users\User\.m2\repository\io\micrometer\micrometer-core\1.6.6\micrometer-core-1.6.6.jar;C:\Users\User\.m2\repository\org\hdrhistogram\HdrHistogram\2.1.12\HdrHistogram-2.1.12.jar;C:\Users\User\.m2\repository\org\latencyutils\LatencyUtils\2.0.3\LatencyUtils-2.0.3.jar;C:\Users\User\.m2\repos
Launcher Type: SUN_STANDARD

Environment Variables:
JAVA_HOME=C:\Program Files\Java\jdk1.8.0_201
PATH=C:/Program Files/Java/jre1.8.0_281/bin/server;C:/Program Files/Java/jre1.8.0_281/bin;C:/Program Files/Java/jre1.8.0_281/lib/amd64;C:\Program Files (x86)\Common Files\Oracle\Java\javapath;C:\Softwares\Java Setup\apache-maven-3.6.3-bin\apache-maven-3.6.3\bin;C:\Softwares\Java Setup\apache-maven-3.6.3-bin\apache-maven-3.6.3\bin;C:\Windows\system32;C:\Users\User\AppData\Local\Programs\Python\Python38-32\Scripts\;C:\Users\User\AppData\Local\Programs\Python\Python38-32\;C:\Program Files\MySQL\MySQL Shell 8.0\bin\;C:\Users\User\AppData\Roaming\npm;C:\Users\User\AppData\Local\Programs\Microsoft VS Code\bin;;C:\Users\User\Desktop;
USERNAME=User
OS=Windows_NT
PROCESSOR_IDENTIFIER=Intel64 Family 6 Model 62 Stepping 4, GenuineIntel



---------------  S Y S T E M  ---------------

OS: Windows 10.0 , 64 bit Build 18362 (10.0.18362.1500)

CPU:total 2 (initial active 2) (1 cores per cpu, 1 threads per core) family 6 model 62 stepping 4, cmov, cx8, fxsr, mmx, sse, sse2, sse3, ssse3, sse4.1, sse4.2, popcnt, avx, aes, clmul, erms, tsc, tscinvbit

Memory: 4k page, physical 8387532k(1833148k free), swap 17479752k(5132k free)

vm_info: Java HotSpot(TM) 64-Bit Server VM (25.281-b09) for windows-amd64 JRE (1.8.0_281-b09), built on Dec  9 2020 13:54:07 by "" with MS VC++ 15.9 (VS2017)

time: Tue May  4 18:06:15 2021
timezone: India Standard Time
elapsed time: 23.416355 seconds (0d 0h 0m 23s)

